<?xml version="1.0" encoding="UTF-8"?>
<!-- Generated by org.testng.reporters.JUnitReportReporter -->
<testsuite hostname="DESKTOP-MOA5BMG" failures="0" tests="1" name="scripts.TestCase3" time="36.740" errors="0" timestamp="2022-09-10T17:37:59 IST" skipped="0">
  <testcase classname="scripts.TestCase3" name="tc3" time="36.740"/>
  <system-out/>
</testsuite> <!-- scripts.TestCase3 -->
